<?xml version="1.0" encoding="UTF-8"?>
<testsuite xmlns:xsi="http://www.w3.org/2001/XMLSchema-instance" xsi:noNamespaceSchemaLocation="https://maven.apache.org/surefire/maven-surefire-plugin/xsd/surefire-test-report.xsd" name="com.kaka.springmybatiszc.SpringMybatisZcApplicationTests" time="6.593" tests="1" errors="0" skipped="0" failures="0">
  <properties>
    <property name="gopherProxySet" value="false"/>
    <property name="awt.toolkit" value="sun.lwawt.macosx.LWCToolkit"/>
    <property name="socksProxyHost" value="127.0.0.1"/>
    <property name="http.proxyHost" value="127.0.0.1"/>
    <property name="java.specification.version" value="1.8"/>
    <property name="file.encoding.pkg" value="sun.io"/>
    <property name="sun.cpu.isalist" value=""/>
    <property name="sun.jnu.encoding" value="UTF-8"/>
    <property name="java.class.path" value="/Users/mac/Desktop/SZJX/spring-Mybatis-Zc/target/test-classes:/Users/mac/Desktop/SZJX/spring-Mybatis-Zc/target/classes:/Users/mac/javapeizhi/repository/org/springframework/boot/spring-boot-starter-thymeleaf/2.1.0.RELEASE/spring-boot-starter-thymeleaf-2.1.0.RELEASE.jar:/Users/mac/javapeizhi/repository/org/springframework/boot/spring-boot-starter/2.7.13/spring-boot-starter-2.7.13.jar:/Users/mac/javapeizhi/repository/org/springframework/boot/spring-boot/2.7.13/spring-boot-2.7.13.jar:/Users/mac/javapeizhi/repository/org/springframework/boot/spring-boot-starter-logging/2.7.13/spring-boot-starter-logging-2.7.13.jar:/Users/mac/javapeizhi/repository/ch/qos/logback/logback-classic/1.2.12/logback-classic-1.2.12.jar:/Users/mac/javapeizhi/repository/ch/qos/logback/logback-core/1.2.12/logback-core-1.2.12.jar:/Users/mac/javapeizhi/repository/org/apache/logging/log4j/log4j-to-slf4j/2.17.2/log4j-to-slf4j-2.17.2.jar:/Users/mac/javapeizhi/repository/org/slf4j/jul-to-slf4j/1.7.36/jul-to-slf4j-1.7.36.jar:/Users/mac/javapeizhi/repository/jakarta/annotation/jakarta.annotation-api/1.3.5/jakarta.annotation-api-1.3.5.jar:/Users/mac/javapeizhi/repository/org/yaml/snakeyaml/1.30/snakeyaml-1.30.jar:/Users/mac/javapeizhi/repository/org/thymeleaf/thymeleaf-spring5/3.0.15.RELEASE/thymeleaf-spring5-3.0.15.RELEASE.jar:/Users/mac/javapeizhi/repository/org/thymeleaf/thymeleaf/3.0.15.RELEASE/thymeleaf-3.0.15.RELEASE.jar:/Users/mac/javapeizhi/repository/org/attoparser/attoparser/2.0.5.RELEASE/attoparser-2.0.5.RELEASE.jar:/Users/mac/javapeizhi/repository/org/unbescape/unbescape/1.1.6.RELEASE/unbescape-1.1.6.RELEASE.jar:/Users/mac/javapeizhi/repository/org/slf4j/slf4j-api/1.7.36/slf4j-api-1.7.36.jar:/Users/mac/javapeizhi/repository/org/thymeleaf/extras/thymeleaf-extras-java8time/3.0.4.RELEASE/thymeleaf-extras-java8time-3.0.4.RELEASE.jar:/Users/mac/javapeizhi/repository/com/alibaba/fastjson/1.2.58/fastjson-1.2.58.jar:/Users/mac/javapeizhi/repository/com/github/pagehelper/pagehelper-spring-boot-starter/1.3.0/pagehelper-spring-boot-starter-1.3.0.jar:/Users/mac/javapeizhi/repository/org/mybatis/spring/boot/mybatis-spring-boot-starter/2.1.3/mybatis-spring-boot-starter-2.1.3.jar:/Users/mac/javapeizhi/repository/org/mybatis/spring/boot/mybatis-spring-boot-autoconfigure/2.1.3/mybatis-spring-boot-autoconfigure-2.1.3.jar:/Users/mac/javapeizhi/repository/org/mybatis/mybatis/3.5.5/mybatis-3.5.5.jar:/Users/mac/javapeizhi/repository/org/mybatis/mybatis-spring/2.0.5/mybatis-spring-2.0.5.jar:/Users/mac/javapeizhi/repository/com/github/pagehelper/pagehelper-spring-boot-autoconfigure/1.3.0/pagehelper-spring-boot-autoconfigure-1.3.0.jar:/Users/mac/javapeizhi/repository/com/github/pagehelper/pagehelper/5.2.0/pagehelper-5.2.0.jar:/Users/mac/javapeizhi/repository/com/github/jsqlparser/jsqlparser/3.2/jsqlparser-3.2.jar:/Users/mac/javapeizhi/repository/net/sf/json-lib/json-lib-ext-spring/1.0.2/json-lib-ext-spring-1.0.2.jar:/Users/mac/javapeizhi/repository/net/sf/json-lib/json-lib/2.2.2/json-lib-2.2.2-jdk15.jar:/Users/mac/javapeizhi/repository/commons-beanutils/commons-beanutils/1.7.0/commons-beanutils-1.7.0.jar:/Users/mac/javapeizhi/repository/commons-collections/commons-collections/3.2/commons-collections-3.2.jar:/Users/mac/javapeizhi/repository/commons-lang/commons-lang/2.4/commons-lang-2.4.jar:/Users/mac/javapeizhi/repository/commons-logging/commons-logging/1.1.1/commons-logging-1.1.1.jar:/Users/mac/javapeizhi/repository/net/sf/ezmorph/ezmorph/1.0.4/ezmorph-1.0.4.jar:/Users/mac/javapeizhi/repository/org/springframework/spring-webmvc/5.3.28/spring-webmvc-5.3.28.jar:/Users/mac/javapeizhi/repository/org/springframework/spring-beans/5.3.28/spring-beans-5.3.28.jar:/Users/mac/javapeizhi/repository/org/springframework/spring-context/5.3.28/spring-context-5.3.28.jar:/Users/mac/javapeizhi/repository/org/springframework/spring-expression/5.3.28/spring-expression-5.3.28.jar:/Users/mac/javapeizhi/repository/javax/servlet/servlet-api/2.4/servlet-api-2.4.jar:/Users/mac/javapeizhi/repository/log4j/log4j/1.2.14/log4j-1.2.14.jar:/Users/mac/javapeizhi/repository/org/json/json/20210307/json-20210307.jar:/Users/mac/javapeizhi/repository/com/huaweicloud/esdk-obs-java/3.23.9/esdk-obs-java-3.23.9.jar:/Users/mac/javapeizhi/repository/com/jamesmurty/utils/java-xmlbuilder/1.3/java-xmlbuilder-1.3.jar:/Users/mac/javapeizhi/repository/com/squareup/okhttp3/okhttp/4.9.3/okhttp-4.9.3.jar:/Users/mac/javapeizhi/repository/org/jetbrains/kotlin/kotlin-stdlib/1.6.21/kotlin-stdlib-1.6.21.jar:/Users/mac/javapeizhi/repository/org/jetbrains/kotlin/kotlin-stdlib-common/1.6.21/kotlin-stdlib-common-1.6.21.jar:/Users/mac/javapeizhi/repository/org/jetbrains/annotations/13.0/annotations-13.0.jar:/Users/mac/javapeizhi/repository/com/squareup/okio/okio/3.5.0/okio-3.5.0.jar:/Users/mac/javapeizhi/repository/com/squareup/okio/okio-jvm/3.5.0/okio-jvm-3.5.0.jar:/Users/mac/javapeizhi/repository/org/jetbrains/kotlin/kotlin-stdlib-jdk8/1.6.21/kotlin-stdlib-jdk8-1.6.21.jar:/Users/mac/javapeizhi/repository/org/jetbrains/kotlin/kotlin-stdlib-jdk7/1.6.21/kotlin-stdlib-jdk7-1.6.21.jar:/Users/mac/javapeizhi/repository/com/fasterxml/jackson/core/jackson-core/2.13.5/jackson-core-2.13.5.jar:/Users/mac/javapeizhi/repository/com/fasterxml/jackson/core/jackson-databind/2.13.5/jackson-databind-2.13.5.jar:/Users/mac/javapeizhi/repository/com/fasterxml/jackson/core/jackson-annotations/2.13.5/jackson-annotations-2.13.5.jar:/Users/mac/javapeizhi/repository/org/apache/logging/log4j/log4j-core/2.17.2/log4j-core-2.17.2.jar:/Users/mac/javapeizhi/repository/org/apache/logging/log4j/log4j-api/2.17.2/log4j-api-2.17.2.jar:/Users/mac/javapeizhi/repository/org/springframework/boot/spring-boot-starter-web/2.7.13/spring-boot-starter-web-2.7.13.jar:/Users/mac/javapeizhi/repository/org/springframework/boot/spring-boot-starter-json/2.7.13/spring-boot-starter-json-2.7.13.jar:/Users/mac/javapeizhi/repository/com/fasterxml/jackson/datatype/jackson-datatype-jdk8/2.13.5/jackson-datatype-jdk8-2.13.5.jar:/Users/mac/javapeizhi/repository/com/fasterxml/jackson/datatype/jackson-datatype-jsr310/2.13.5/jackson-datatype-jsr310-2.13.5.jar:/Users/mac/javapeizhi/repository/com/fasterxml/jackson/module/jackson-module-parameter-names/2.13.5/jackson-module-parameter-names-2.13.5.jar:/Users/mac/javapeizhi/repository/org/springframework/boot/spring-boot-starter-tomcat/2.7.13/spring-boot-starter-tomcat-2.7.13.jar:/Users/mac/javapeizhi/repository/org/apache/tomcat/embed/tomcat-embed-core/9.0.76/tomcat-embed-core-9.0.76.jar:/Users/mac/javapeizhi/repository/org/apache/tomcat/embed/tomcat-embed-el/9.0.76/tomcat-embed-el-9.0.76.jar:/Users/mac/javapeizhi/repository/org/apache/tomcat/embed/tomcat-embed-websocket/9.0.76/tomcat-embed-websocket-9.0.76.jar:/Users/mac/javapeizhi/repository/org/springframework/spring-web/5.3.28/spring-web-5.3.28.jar:/Users/mac/javapeizhi/repository/org/projectlombok/lombok/1.18.28/lombok-1.18.28.jar:/Users/mac/javapeizhi/repository/org/springframework/boot/spring-boot-starter-test/2.7.13/spring-boot-starter-test-2.7.13.jar:/Users/mac/javapeizhi/repository/org/springframework/boot/spring-boot-test/2.7.13/spring-boot-test-2.7.13.jar:/Users/mac/javapeizhi/repository/org/springframework/boot/spring-boot-test-autoconfigure/2.7.13/spring-boot-test-autoconfigure-2.7.13.jar:/Users/mac/javapeizhi/repository/com/jayway/jsonpath/json-path/2.7.0/json-path-2.7.0.jar:/Users/mac/javapeizhi/repository/net/minidev/json-smart/2.4.11/json-smart-2.4.11.jar:/Users/mac/javapeizhi/repository/net/minidev/accessors-smart/2.4.11/accessors-smart-2.4.11.jar:/Users/mac/javapeizhi/repository/org/ow2/asm/asm/9.3/asm-9.3.jar:/Users/mac/javapeizhi/repository/jakarta/xml/bind/jakarta.xml.bind-api/2.3.3/jakarta.xml.bind-api-2.3.3.jar:/Users/mac/javapeizhi/repository/jakarta/activation/jakarta.activation-api/1.2.2/jakarta.activation-api-1.2.2.jar:/Users/mac/javapeizhi/repository/org/assertj/assertj-core/3.22.0/assertj-core-3.22.0.jar:/Users/mac/javapeizhi/repository/org/hamcrest/hamcrest/2.2/hamcrest-2.2.jar:/Users/mac/javapeizhi/repository/org/junit/jupiter/junit-jupiter/5.8.2/junit-jupiter-5.8.2.jar:/Users/mac/javapeizhi/repository/org/junit/jupiter/junit-jupiter-api/5.8.2/junit-jupiter-api-5.8.2.jar:/Users/mac/javapeizhi/repository/org/opentest4j/opentest4j/1.2.0/opentest4j-1.2.0.jar:/Users/mac/javapeizhi/repository/org/junit/platform/junit-platform-commons/1.8.2/junit-platform-commons-1.8.2.jar:/Users/mac/javapeizhi/repository/org/apiguardian/apiguardian-api/1.1.2/apiguardian-api-1.1.2.jar:/Users/mac/javapeizhi/repository/org/junit/jupiter/junit-jupiter-params/5.8.2/junit-jupiter-params-5.8.2.jar:/Users/mac/javapeizhi/repository/org/junit/jupiter/junit-jupiter-engine/5.8.2/junit-jupiter-engine-5.8.2.jar:/Users/mac/javapeizhi/repository/org/junit/platform/junit-platform-engine/1.8.2/junit-platform-engine-1.8.2.jar:/Users/mac/javapeizhi/repository/org/mockito/mockito-core/4.5.1/mockito-core-4.5.1.jar:/Users/mac/javapeizhi/repository/net/bytebuddy/byte-buddy/1.12.23/byte-buddy-1.12.23.jar:/Users/mac/javapeizhi/repository/net/bytebuddy/byte-buddy-agent/1.12.23/byte-buddy-agent-1.12.23.jar:/Users/mac/javapeizhi/repository/org/objenesis/objenesis/3.2/objenesis-3.2.jar:/Users/mac/javapeizhi/repository/org/mockito/mockito-junit-jupiter/4.5.1/mockito-junit-jupiter-4.5.1.jar:/Users/mac/javapeizhi/repository/org/skyscreamer/jsonassert/1.5.1/jsonassert-1.5.1.jar:/Users/mac/javapeizhi/repository/com/vaadin/external/google/android-json/0.0.20131108.vaadin1/android-json-0.0.20131108.vaadin1.jar:/Users/mac/javapeizhi/repository/org/springframework/spring-core/5.3.28/spring-core-5.3.28.jar:/Users/mac/javapeizhi/repository/org/springframework/spring-jcl/5.3.28/spring-jcl-5.3.28.jar:/Users/mac/javapeizhi/repository/org/springframework/spring-test/5.3.28/spring-test-5.3.28.jar:/Users/mac/javapeizhi/repository/org/xmlunit/xmlunit-core/2.9.1/xmlunit-core-2.9.1.jar:/Users/mac/javapeizhi/repository/com/baomidou/mybatis-plus-boot-starter/3.5.3.1/mybatis-plus-boot-starter-3.5.3.1.jar:/Users/mac/javapeizhi/repository/com/baomidou/mybatis-plus/3.5.3.1/mybatis-plus-3.5.3.1.jar:/Users/mac/javapeizhi/repository/com/baomidou/mybatis-plus-extension/3.5.3.1/mybatis-plus-extension-3.5.3.1.jar:/Users/mac/javapeizhi/repository/com/baomidou/mybatis-plus-core/3.5.3.1/mybatis-plus-core-3.5.3.1.jar:/Users/mac/javapeizhi/repository/com/baomidou/mybatis-plus-annotation/3.5.3.1/mybatis-plus-annotation-3.5.3.1.jar:/Users/mac/javapeizhi/repository/org/springframework/boot/spring-boot-autoconfigure/2.7.13/spring-boot-autoconfigure-2.7.13.jar:/Users/mac/javapeizhi/repository/org/springframework/boot/spring-boot-starter-jdbc/2.7.13/spring-boot-starter-jdbc-2.7.13.jar:/Users/mac/javapeizhi/repository/com/zaxxer/HikariCP/4.0.3/HikariCP-4.0.3.jar:/Users/mac/javapeizhi/repository/org/springframework/spring-jdbc/5.3.28/spring-jdbc-5.3.28.jar:/Users/mac/javapeizhi/repository/org/springframework/boot/spring-boot-starter-security/2.7.13/spring-boot-starter-security-2.7.13.jar:/Users/mac/javapeizhi/repository/org/springframework/spring-aop/5.3.28/spring-aop-5.3.28.jar:/Users/mac/javapeizhi/repository/org/springframework/security/spring-security-config/5.7.9/spring-security-config-5.7.9.jar:/Users/mac/javapeizhi/repository/org/springframework/security/spring-security-core/5.7.9/spring-security-core-5.7.9.jar:/Users/mac/javapeizhi/repository/org/springframework/security/spring-security-crypto/5.7.9/spring-security-crypto-5.7.9.jar:/Users/mac/javapeizhi/repository/org/springframework/security/spring-security-web/5.7.9/spring-security-web-5.7.9.jar:/Users/mac/javapeizhi/repository/org/springframework/boot/spring-boot-starter-data-redis/2.7.13/spring-boot-starter-data-redis-2.7.13.jar:/Users/mac/javapeizhi/repository/org/springframework/data/spring-data-redis/2.7.13/spring-data-redis-2.7.13.jar:/Users/mac/javapeizhi/repository/org/springframework/data/spring-data-keyvalue/2.7.13/spring-data-keyvalue-2.7.13.jar:/Users/mac/javapeizhi/repository/org/springframework/data/spring-data-commons/2.7.13/spring-data-commons-2.7.13.jar:/Users/mac/javapeizhi/repository/org/springframework/spring-tx/5.3.28/spring-tx-5.3.28.jar:/Users/mac/javapeizhi/repository/org/springframework/spring-oxm/5.3.28/spring-oxm-5.3.28.jar:/Users/mac/javapeizhi/repository/org/springframework/spring-context-support/5.3.28/spring-context-support-5.3.28.jar:/Users/mac/javapeizhi/repository/io/lettuce/lettuce-core/6.1.10.RELEASE/lettuce-core-6.1.10.RELEASE.jar:/Users/mac/javapeizhi/repository/io/netty/netty-common/4.1.94.Final/netty-common-4.1.94.Final.jar:/Users/mac/javapeizhi/repository/io/netty/netty-handler/4.1.94.Final/netty-handler-4.1.94.Final.jar:/Users/mac/javapeizhi/repository/io/netty/netty-resolver/4.1.94.Final/netty-resolver-4.1.94.Final.jar:/Users/mac/javapeizhi/repository/io/netty/netty-buffer/4.1.94.Final/netty-buffer-4.1.94.Final.jar:/Users/mac/javapeizhi/repository/io/netty/netty-transport-native-unix-common/4.1.94.Final/netty-transport-native-unix-common-4.1.94.Final.jar:/Users/mac/javapeizhi/repository/io/netty/netty-codec/4.1.94.Final/netty-codec-4.1.94.Final.jar:/Users/mac/javapeizhi/repository/io/netty/netty-transport/4.1.94.Final/netty-transport-4.1.94.Final.jar:/Users/mac/javapeizhi/repository/io/projectreactor/reactor-core/3.4.30/reactor-core-3.4.30.jar:/Users/mac/javapeizhi/repository/org/reactivestreams/reactive-streams/1.0.4/reactive-streams-1.0.4.jar:/Users/mac/javapeizhi/repository/mysql/mysql-connector-java/8.0.28/mysql-connector-java-8.0.28.jar:/Users/mac/javapeizhi/repository/com/google/protobuf/protobuf-java/3.11.4/protobuf-java-3.11.4.jar:/Users/mac/javapeizhi/repository/com/alibaba/druid/1.2.18/druid-1.2.18.jar:"/>
    <property name="https.proxyPort" value="7890"/>
    <property name="java.vm.vendor" value="Oracle Corporation"/>
    <property name="sun.arch.data.model" value="64"/>
    <property name="java.vendor.url" value="http://java.oracle.com/"/>
    <property name="user.timezone" value=""/>
    <property name="java.vm.specification.version" value="1.8"/>
    <property name="os.name" value="Mac OS X"/>
    <property name="user.country" value="CN"/>
    <property name="sun.java.launcher" value="SUN_STANDARD"/>
    <property name="sun.boot.library.path" value="/Library/Java/JavaVirtualMachines/jdk-1.8.jdk/Contents/Home/jre/lib"/>
    <property name="sun.java.command" value="/Users/mac/Desktop/SZJX/spring-Mybatis-Zc/target/surefire/surefirebooter3707428501350983257.jar /Users/mac/Desktop/SZJX/spring-Mybatis-Zc/target/surefire 2023-10-23T11-13-00_957-jvmRun1 surefire8892488513302026781tmp surefire_07818224537807611262tmp"/>
    <property name="http.nonProxyHosts" value="192.168.0.0/16|*.192.168.0.0/16|10.0.0.0/8|*.10.0.0.0/8|172.16.0.0/12|*.172.16.0.0/12|127.0.0.1|localhost|*.localhost|local|*.local|timestamp.apple.com|*.timestamp.apple.com|sequoia.apple.com|*.sequoia.apple.com|seed-sequoia.siri.apple.com|*.seed-sequoia.siri.apple.com"/>
    <property name="surefire.test.class.path" value="/Users/mac/Desktop/SZJX/spring-Mybatis-Zc/target/test-classes:/Users/mac/Desktop/SZJX/spring-Mybatis-Zc/target/classes:/Users/mac/javapeizhi/repository/org/springframework/boot/spring-boot-starter-thymeleaf/2.1.0.RELEASE/spring-boot-starter-thymeleaf-2.1.0.RELEASE.jar:/Users/mac/javapeizhi/repository/org/springframework/boot/spring-boot-starter/2.7.13/spring-boot-starter-2.7.13.jar:/Users/mac/javapeizhi/repository/org/springframework/boot/spring-boot/2.7.13/spring-boot-2.7.13.jar:/Users/mac/javapeizhi/repository/org/springframework/boot/spring-boot-starter-logging/2.7.13/spring-boot-starter-logging-2.7.13.jar:/Users/mac/javapeizhi/repository/ch/qos/logback/logback-classic/1.2.12/logback-classic-1.2.12.jar:/Users/mac/javapeizhi/repository/ch/qos/logback/logback-core/1.2.12/logback-core-1.2.12.jar:/Users/mac/javapeizhi/repository/org/apache/logging/log4j/log4j-to-slf4j/2.17.2/log4j-to-slf4j-2.17.2.jar:/Users/mac/javapeizhi/repository/org/slf4j/jul-to-slf4j/1.7.36/jul-to-slf4j-1.7.36.jar:/Users/mac/javapeizhi/repository/jakarta/annotation/jakarta.annotation-api/1.3.5/jakarta.annotation-api-1.3.5.jar:/Users/mac/javapeizhi/repository/org/yaml/snakeyaml/1.30/snakeyaml-1.30.jar:/Users/mac/javapeizhi/repository/org/thymeleaf/thymeleaf-spring5/3.0.15.RELEASE/thymeleaf-spring5-3.0.15.RELEASE.jar:/Users/mac/javapeizhi/repository/org/thymeleaf/thymeleaf/3.0.15.RELEASE/thymeleaf-3.0.15.RELEASE.jar:/Users/mac/javapeizhi/repository/org/attoparser/attoparser/2.0.5.RELEASE/attoparser-2.0.5.RELEASE.jar:/Users/mac/javapeizhi/repository/org/unbescape/unbescape/1.1.6.RELEASE/unbescape-1.1.6.RELEASE.jar:/Users/mac/javapeizhi/repository/org/slf4j/slf4j-api/1.7.36/slf4j-api-1.7.36.jar:/Users/mac/javapeizhi/repository/org/thymeleaf/extras/thymeleaf-extras-java8time/3.0.4.RELEASE/thymeleaf-extras-java8time-3.0.4.RELEASE.jar:/Users/mac/javapeizhi/repository/com/alibaba/fastjson/1.2.58/fastjson-1.2.58.jar:/Users/mac/javapeizhi/repository/com/github/pagehelper/pagehelper-spring-boot-starter/1.3.0/pagehelper-spring-boot-starter-1.3.0.jar:/Users/mac/javapeizhi/repository/org/mybatis/spring/boot/mybatis-spring-boot-starter/2.1.3/mybatis-spring-boot-starter-2.1.3.jar:/Users/mac/javapeizhi/repository/org/mybatis/spring/boot/mybatis-spring-boot-autoconfigure/2.1.3/mybatis-spring-boot-autoconfigure-2.1.3.jar:/Users/mac/javapeizhi/repository/org/mybatis/mybatis/3.5.5/mybatis-3.5.5.jar:/Users/mac/javapeizhi/repository/org/mybatis/mybatis-spring/2.0.5/mybatis-spring-2.0.5.jar:/Users/mac/javapeizhi/repository/com/github/pagehelper/pagehelper-spring-boot-autoconfigure/1.3.0/pagehelper-spring-boot-autoconfigure-1.3.0.jar:/Users/mac/javapeizhi/repository/com/github/pagehelper/pagehelper/5.2.0/pagehelper-5.2.0.jar:/Users/mac/javapeizhi/repository/com/github/jsqlparser/jsqlparser/3.2/jsqlparser-3.2.jar:/Users/mac/javapeizhi/repository/net/sf/json-lib/json-lib-ext-spring/1.0.2/json-lib-ext-spring-1.0.2.jar:/Users/mac/javapeizhi/repository/net/sf/json-lib/json-lib/2.2.2/json-lib-2.2.2-jdk15.jar:/Users/mac/javapeizhi/repository/commons-beanutils/commons-beanutils/1.7.0/commons-beanutils-1.7.0.jar:/Users/mac/javapeizhi/repository/commons-collections/commons-collections/3.2/commons-collections-3.2.jar:/Users/mac/javapeizhi/repository/commons-lang/commons-lang/2.4/commons-lang-2.4.jar:/Users/mac/javapeizhi/repository/commons-logging/commons-logging/1.1.1/commons-logging-1.1.1.jar:/Users/mac/javapeizhi/repository/net/sf/ezmorph/ezmorph/1.0.4/ezmorph-1.0.4.jar:/Users/mac/javapeizhi/repository/org/springframework/spring-webmvc/5.3.28/spring-webmvc-5.3.28.jar:/Users/mac/javapeizhi/repository/org/springframework/spring-beans/5.3.28/spring-beans-5.3.28.jar:/Users/mac/javapeizhi/repository/org/springframework/spring-context/5.3.28/spring-context-5.3.28.jar:/Users/mac/javapeizhi/repository/org/springframework/spring-expression/5.3.28/spring-expression-5.3.28.jar:/Users/mac/javapeizhi/repository/javax/servlet/servlet-api/2.4/servlet-api-2.4.jar:/Users/mac/javapeizhi/repository/log4j/log4j/1.2.14/log4j-1.2.14.jar:/Users/mac/javapeizhi/repository/org/json/json/20210307/json-20210307.jar:/Users/mac/javapeizhi/repository/com/huaweicloud/esdk-obs-java/3.23.9/esdk-obs-java-3.23.9.jar:/Users/mac/javapeizhi/repository/com/jamesmurty/utils/java-xmlbuilder/1.3/java-xmlbuilder-1.3.jar:/Users/mac/javapeizhi/repository/com/squareup/okhttp3/okhttp/4.9.3/okhttp-4.9.3.jar:/Users/mac/javapeizhi/repository/org/jetbrains/kotlin/kotlin-stdlib/1.6.21/kotlin-stdlib-1.6.21.jar:/Users/mac/javapeizhi/repository/org/jetbrains/kotlin/kotlin-stdlib-common/1.6.21/kotlin-stdlib-common-1.6.21.jar:/Users/mac/javapeizhi/repository/org/jetbrains/annotations/13.0/annotations-13.0.jar:/Users/mac/javapeizhi/repository/com/squareup/okio/okio/3.5.0/okio-3.5.0.jar:/Users/mac/javapeizhi/repository/com/squareup/okio/okio-jvm/3.5.0/okio-jvm-3.5.0.jar:/Users/mac/javapeizhi/repository/org/jetbrains/kotlin/kotlin-stdlib-jdk8/1.6.21/kotlin-stdlib-jdk8-1.6.21.jar:/Users/mac/javapeizhi/repository/org/jetbrains/kotlin/kotlin-stdlib-jdk7/1.6.21/kotlin-stdlib-jdk7-1.6.21.jar:/Users/mac/javapeizhi/repository/com/fasterxml/jackson/core/jackson-core/2.13.5/jackson-core-2.13.5.jar:/Users/mac/javapeizhi/repository/com/fasterxml/jackson/core/jackson-databind/2.13.5/jackson-databind-2.13.5.jar:/Users/mac/javapeizhi/repository/com/fasterxml/jackson/core/jackson-annotations/2.13.5/jackson-annotations-2.13.5.jar:/Users/mac/javapeizhi/repository/org/apache/logging/log4j/log4j-core/2.17.2/log4j-core-2.17.2.jar:/Users/mac/javapeizhi/repository/org/apache/logging/log4j/log4j-api/2.17.2/log4j-api-2.17.2.jar:/Users/mac/javapeizhi/repository/org/springframework/boot/spring-boot-starter-web/2.7.13/spring-boot-starter-web-2.7.13.jar:/Users/mac/javapeizhi/repository/org/springframework/boot/spring-boot-starter-json/2.7.13/spring-boot-starter-json-2.7.13.jar:/Users/mac/javapeizhi/repository/com/fasterxml/jackson/datatype/jackson-datatype-jdk8/2.13.5/jackson-datatype-jdk8-2.13.5.jar:/Users/mac/javapeizhi/repository/com/fasterxml/jackson/datatype/jackson-datatype-jsr310/2.13.5/jackson-datatype-jsr310-2.13.5.jar:/Users/mac/javapeizhi/repository/com/fasterxml/jackson/module/jackson-module-parameter-names/2.13.5/jackson-module-parameter-names-2.13.5.jar:/Users/mac/javapeizhi/repository/org/springframework/boot/spring-boot-starter-tomcat/2.7.13/spring-boot-starter-tomcat-2.7.13.jar:/Users/mac/javapeizhi/repository/org/apache/tomcat/embed/tomcat-embed-core/9.0.76/tomcat-embed-core-9.0.76.jar:/Users/mac/javapeizhi/repository/org/apache/tomcat/embed/tomcat-embed-el/9.0.76/tomcat-embed-el-9.0.76.jar:/Users/mac/javapeizhi/repository/org/apache/tomcat/embed/tomcat-embed-websocket/9.0.76/tomcat-embed-websocket-9.0.76.jar:/Users/mac/javapeizhi/repository/org/springframework/spring-web/5.3.28/spring-web-5.3.28.jar:/Users/mac/javapeizhi/repository/org/projectlombok/lombok/1.18.28/lombok-1.18.28.jar:/Users/mac/javapeizhi/repository/org/springframework/boot/spring-boot-starter-test/2.7.13/spring-boot-starter-test-2.7.13.jar:/Users/mac/javapeizhi/repository/org/springframework/boot/spring-boot-test/2.7.13/spring-boot-test-2.7.13.jar:/Users/mac/javapeizhi/repository/org/springframework/boot/spring-boot-test-autoconfigure/2.7.13/spring-boot-test-autoconfigure-2.7.13.jar:/Users/mac/javapeizhi/repository/com/jayway/jsonpath/json-path/2.7.0/json-path-2.7.0.jar:/Users/mac/javapeizhi/repository/net/minidev/json-smart/2.4.11/json-smart-2.4.11.jar:/Users/mac/javapeizhi/repository/net/minidev/accessors-smart/2.4.11/accessors-smart-2.4.11.jar:/Users/mac/javapeizhi/repository/org/ow2/asm/asm/9.3/asm-9.3.jar:/Users/mac/javapeizhi/repository/jakarta/xml/bind/jakarta.xml.bind-api/2.3.3/jakarta.xml.bind-api-2.3.3.jar:/Users/mac/javapeizhi/repository/jakarta/activation/jakarta.activation-api/1.2.2/jakarta.activation-api-1.2.2.jar:/Users/mac/javapeizhi/repository/org/assertj/assertj-core/3.22.0/assertj-core-3.22.0.jar:/Users/mac/javapeizhi/repository/org/hamcrest/hamcrest/2.2/hamcrest-2.2.jar:/Users/mac/javapeizhi/repository/org/junit/jupiter/junit-jupiter/5.8.2/junit-jupiter-5.8.2.jar:/Users/mac/javapeizhi/repository/org/junit/jupiter/junit-jupiter-api/5.8.2/junit-jupiter-api-5.8.2.jar:/Users/mac/javapeizhi/repository/org/opentest4j/opentest4j/1.2.0/opentest4j-1.2.0.jar:/Users/mac/javapeizhi/repository/org/junit/platform/junit-platform-commons/1.8.2/junit-platform-commons-1.8.2.jar:/Users/mac/javapeizhi/repository/org/apiguardian/apiguardian-api/1.1.2/apiguardian-api-1.1.2.jar:/Users/mac/javapeizhi/repository/org/junit/jupiter/junit-jupiter-params/5.8.2/junit-jupiter-params-5.8.2.jar:/Users/mac/javapeizhi/repository/org/junit/jupiter/junit-jupiter-engine/5.8.2/junit-jupiter-engine-5.8.2.jar:/Users/mac/javapeizhi/repository/org/junit/platform/junit-platform-engine/1.8.2/junit-platform-engine-1.8.2.jar:/Users/mac/javapeizhi/repository/org/mockito/mockito-core/4.5.1/mockito-core-4.5.1.jar:/Users/mac/javapeizhi/repository/net/bytebuddy/byte-buddy/1.12.23/byte-buddy-1.12.23.jar:/Users/mac/javapeizhi/repository/net/bytebuddy/byte-buddy-agent/1.12.23/byte-buddy-agent-1.12.23.jar:/Users/mac/javapeizhi/repository/org/objenesis/objenesis/3.2/objenesis-3.2.jar:/Users/mac/javapeizhi/repository/org/mockito/mockito-junit-jupiter/4.5.1/mockito-junit-jupiter-4.5.1.jar:/Users/mac/javapeizhi/repository/org/skyscreamer/jsonassert/1.5.1/jsonassert-1.5.1.jar:/Users/mac/javapeizhi/repository/com/vaadin/external/google/android-json/0.0.20131108.vaadin1/android-json-0.0.20131108.vaadin1.jar:/Users/mac/javapeizhi/repository/org/springframework/spring-core/5.3.28/spring-core-5.3.28.jar:/Users/mac/javapeizhi/repository/org/springframework/spring-jcl/5.3.28/spring-jcl-5.3.28.jar:/Users/mac/javapeizhi/repository/org/springframework/spring-test/5.3.28/spring-test-5.3.28.jar:/Users/mac/javapeizhi/repository/org/xmlunit/xmlunit-core/2.9.1/xmlunit-core-2.9.1.jar:/Users/mac/javapeizhi/repository/com/baomidou/mybatis-plus-boot-starter/3.5.3.1/mybatis-plus-boot-starter-3.5.3.1.jar:/Users/mac/javapeizhi/repository/com/baomidou/mybatis-plus/3.5.3.1/mybatis-plus-3.5.3.1.jar:/Users/mac/javapeizhi/repository/com/baomidou/mybatis-plus-extension/3.5.3.1/mybatis-plus-extension-3.5.3.1.jar:/Users/mac/javapeizhi/repository/com/baomidou/mybatis-plus-core/3.5.3.1/mybatis-plus-core-3.5.3.1.jar:/Users/mac/javapeizhi/repository/com/baomidou/mybatis-plus-annotation/3.5.3.1/mybatis-plus-annotation-3.5.3.1.jar:/Users/mac/javapeizhi/repository/org/springframework/boot/spring-boot-autoconfigure/2.7.13/spring-boot-autoconfigure-2.7.13.jar:/Users/mac/javapeizhi/repository/org/springframework/boot/spring-boot-starter-jdbc/2.7.13/spring-boot-starter-jdbc-2.7.13.jar:/Users/mac/javapeizhi/repository/com/zaxxer/HikariCP/4.0.3/HikariCP-4.0.3.jar:/Users/mac/javapeizhi/repository/org/springframework/spring-jdbc/5.3.28/spring-jdbc-5.3.28.jar:/Users/mac/javapeizhi/repository/org/springframework/boot/spring-boot-starter-security/2.7.13/spring-boot-starter-security-2.7.13.jar:/Users/mac/javapeizhi/repository/org/springframework/spring-aop/5.3.28/spring-aop-5.3.28.jar:/Users/mac/javapeizhi/repository/org/springframework/security/spring-security-config/5.7.9/spring-security-config-5.7.9.jar:/Users/mac/javapeizhi/repository/org/springframework/security/spring-security-core/5.7.9/spring-security-core-5.7.9.jar:/Users/mac/javapeizhi/repository/org/springframework/security/spring-security-crypto/5.7.9/spring-security-crypto-5.7.9.jar:/Users/mac/javapeizhi/repository/org/springframework/security/spring-security-web/5.7.9/spring-security-web-5.7.9.jar:/Users/mac/javapeizhi/repository/org/springframework/boot/spring-boot-starter-data-redis/2.7.13/spring-boot-starter-data-redis-2.7.13.jar:/Users/mac/javapeizhi/repository/org/springframework/data/spring-data-redis/2.7.13/spring-data-redis-2.7.13.jar:/Users/mac/javapeizhi/repository/org/springframework/data/spring-data-keyvalue/2.7.13/spring-data-keyvalue-2.7.13.jar:/Users/mac/javapeizhi/repository/org/springframework/data/spring-data-commons/2.7.13/spring-data-commons-2.7.13.jar:/Users/mac/javapeizhi/repository/org/springframework/spring-tx/5.3.28/spring-tx-5.3.28.jar:/Users/mac/javapeizhi/repository/org/springframework/spring-oxm/5.3.28/spring-oxm-5.3.28.jar:/Users/mac/javapeizhi/repository/org/springframework/spring-context-support/5.3.28/spring-context-support-5.3.28.jar:/Users/mac/javapeizhi/repository/io/lettuce/lettuce-core/6.1.10.RELEASE/lettuce-core-6.1.10.RELEASE.jar:/Users/mac/javapeizhi/repository/io/netty/netty-common/4.1.94.Final/netty-common-4.1.94.Final.jar:/Users/mac/javapeizhi/repository/io/netty/netty-handler/4.1.94.Final/netty-handler-4.1.94.Final.jar:/Users/mac/javapeizhi/repository/io/netty/netty-resolver/4.1.94.Final/netty-resolver-4.1.94.Final.jar:/Users/mac/javapeizhi/repository/io/netty/netty-buffer/4.1.94.Final/netty-buffer-4.1.94.Final.jar:/Users/mac/javapeizhi/repository/io/netty/netty-transport-native-unix-common/4.1.94.Final/netty-transport-native-unix-common-4.1.94.Final.jar:/Users/mac/javapeizhi/repository/io/netty/netty-codec/4.1.94.Final/netty-codec-4.1.94.Final.jar:/Users/mac/javapeizhi/repository/io/netty/netty-transport/4.1.94.Final/netty-transport-4.1.94.Final.jar:/Users/mac/javapeizhi/repository/io/projectreactor/reactor-core/3.4.30/reactor-core-3.4.30.jar:/Users/mac/javapeizhi/repository/org/reactivestreams/reactive-streams/1.0.4/reactive-streams-1.0.4.jar:/Users/mac/javapeizhi/repository/mysql/mysql-connector-java/8.0.28/mysql-connector-java-8.0.28.jar:/Users/mac/javapeizhi/repository/com/google/protobuf/protobuf-java/3.11.4/protobuf-java-3.11.4.jar:/Users/mac/javapeizhi/repository/com/alibaba/druid/1.2.18/druid-1.2.18.jar:"/>
    <property name="sun.cpu.endian" value="little"/>
    <property name="user.home" value="/Users/mac"/>
    <property name="user.language" value="zh"/>
    <property name="java.specification.vendor" value="Oracle Corporation"/>
    <property name="java.home" value="/Library/Java/JavaVirtualMachines/jdk-1.8.jdk/Contents/Home/jre"/>
    <property name="basedir" value="/Users/mac/Desktop/SZJX/spring-Mybatis-Zc"/>
    <property name="https.proxyHost" value="127.0.0.1"/>
    <property name="file.separator" value="/"/>
    <property name="line.separator" value="&#10;"/>
    <property name="java.vm.specification.vendor" value="Oracle Corporation"/>
    <property name="java.specification.name" value="Java Platform API Specification"/>
    <property name="java.awt.graphicsenv" value="sun.awt.CGraphicsEnvironment"/>
    <property name="surefire.real.class.path" value="/Users/mac/Desktop/SZJX/spring-Mybatis-Zc/target/surefire/surefirebooter3707428501350983257.jar"/>
    <property name="sun.boot.class.path" value="/Library/Java/JavaVirtualMachines/jdk-1.8.jdk/Contents/Home/jre/lib/resources.jar:/Library/Java/JavaVirtualMachines/jdk-1.8.jdk/Contents/Home/jre/lib/rt.jar:/Library/Java/JavaVirtualMachines/jdk-1.8.jdk/Contents/Home/jre/lib/jsse.jar:/Library/Java/JavaVirtualMachines/jdk-1.8.jdk/Contents/Home/jre/lib/jce.jar:/Library/Java/JavaVirtualMachines/jdk-1.8.jdk/Contents/Home/jre/lib/charsets.jar:/Library/Java/JavaVirtualMachines/jdk-1.8.jdk/Contents/Home/jre/lib/jfr.jar:/Library/Java/JavaVirtualMachines/jdk-1.8.jdk/Contents/Home/jre/classes"/>
    <property name="sun.management.compiler" value="HotSpot 64-Bit Tiered Compilers"/>
    <property name="ftp.nonProxyHosts" value="192.168.0.0/16|*.192.168.0.0/16|10.0.0.0/8|*.10.0.0.0/8|172.16.0.0/12|*.172.16.0.0/12|127.0.0.1|localhost|*.localhost|local|*.local|timestamp.apple.com|*.timestamp.apple.com|sequoia.apple.com|*.sequoia.apple.com|seed-sequoia.siri.apple.com|*.seed-sequoia.siri.apple.com"/>
    <property name="java.runtime.version" value="1.8.0_371-b11"/>
    <property name="user.name" value="mac"/>
    <property name="path.separator" value=":"/>
    <property name="os.version" value="13.6"/>
    <property name="java.endorsed.dirs" value="/Library/Java/JavaVirtualMachines/jdk-1.8.jdk/Contents/Home/jre/lib/endorsed"/>
    <property name="java.runtime.name" value="Java(TM) SE Runtime Environment"/>
    <property name="file.encoding" value="UTF-8"/>
    <property name="java.vm.name" value="Java HotSpot(TM) 64-Bit Server VM"/>
    <property name="localRepository" value="/Users/mac/javapeizhi/repository"/>
    <property name="java.vendor.url.bug" value="http://bugreport.sun.com/bugreport/"/>
    <property name="java.io.tmpdir" value="/var/folders/nj/d_v07_614pl5z_f3m6vs7p700000gn/T/"/>
    <property name="idea.version" value="2023.2.3"/>
    <property name="java.version" value="1.8.0_371"/>
    <property name="user.dir" value="/Users/mac/Desktop/SZJX/spring-Mybatis-Zc"/>
    <property name="os.arch" value="x86_64"/>
    <property name="socksProxyPort" value="7890"/>
    <property name="java.vm.specification.name" value="Java Virtual Machine Specification"/>
    <property name="java.awt.printerjob" value="sun.lwawt.macosx.CPrinterJob"/>
    <property name="sun.os.patch.level" value="unknown"/>
    <property name="java.library.path" value="/Users/mac/Library/Java/Extensions:/Library/Java/Extensions:/Network/Library/Java/Extensions:/System/Library/Java/Extensions:/usr/lib/java:."/>
    <property name="java.vm.info" value="mixed mode"/>
    <property name="java.vendor" value="Oracle Corporation"/>
    <property name="java.vm.version" value="25.371-b11"/>
    <property name="java.specification.maintenance.version" value="4"/>
    <property name="java.ext.dirs" value="/Users/mac/Library/Java/Extensions:/Library/Java/JavaVirtualMachines/jdk-1.8.jdk/Contents/Home/jre/lib/ext:/Library/Java/Extensions:/Network/Library/Java/Extensions:/System/Library/Java/Extensions:/usr/lib/java"/>
    <property name="sun.io.unicode.encoding" value="UnicodeBig"/>
    <property name="maven.repo.local" value="/Users/mac/javapeizhi/repository"/>
    <property name="java.class.version" value="52.0"/>
    <property name="socksNonProxyHosts" value="192.168.0.0/16|*.192.168.0.0/16|10.0.0.0/8|*.10.0.0.0/8|172.16.0.0/12|*.172.16.0.0/12|127.0.0.1|localhost|*.localhost|local|*.local|timestamp.apple.com|*.timestamp.apple.com|sequoia.apple.com|*.sequoia.apple.com|seed-sequoia.siri.apple.com|*.seed-sequoia.siri.apple.com"/>
    <property name="http.proxyPort" value="7890"/>
  </properties>
  <testcase name="contextLoads" classname="com.kaka.springmybatiszc.SpringMybatisZcApplicationTests" time="0.352"/>
</testsuite>